<?xml version="1.0" encoding="UTF-8"?>
<!-- Generated by org.testng.reporters.JUnitXMLReporter -->
<testsuite hostname="DESKTOP-9E5A4CC" name="Default test" tests="2" failures="0" timestamp="27 Aug 2020 10:59:30 GMT" time="7.166" errors="0">
  <testcase name="@BeforeMethod loadFlipkartPage" time="0.0" classname="RegressionTest.MobilePriceCheck">
    <failure type="org.testng.TestNGException" message="
Parameter &amp;apos;URL&amp;apos; is required by @Configuration on method loadFlipkartPage but has not been marked @Optional or defined
in C:\Users\Nishad\AppData\Local\Temp\testng-eclipse-713812890\testng-customsuite.xml">
      <![CDATA[org.testng.TestNGException: 
Parameter 'URL' is required by @Configuration on method loadFlipkartPage but has not been marked @Optional or defined
in C:\Users\Nishad\AppData\Local\Temp\testng-eclipse-713812890\testng-customsuite.xml
	at org.testng.internal.Parameters.createParameters(Parameters.java:155)
	at org.testng.internal.Parameters.createParameters(Parameters.java:358)
	at org.testng.internal.Parameters.createConfigurationParameters(Parameters.java:86)
	at org.testng.internal.Invoker.invokeConfigurations(Invoker.java:199)
	at org.testng.internal.Invoker.invokeMethod(Invoker.java:653)
	at org.testng.internal.Invoker.invokeTestMethod(Invoker.java:901)
	at org.testng.internal.Invoker.invokeTestMethods(Invoker.java:1231)
	at org.testng.internal.TestMethodWorker.invokeTestMethods(TestMethodWorker.java:127)
	at org.testng.internal.TestMethodWorker.run(TestMethodWorker.java:111)
	at org.testng.TestRunner.privateRun(TestRunner.java:767)
	at org.testng.TestRunner.run(TestRunner.java:617)
	at org.testng.SuiteRunner.runTest(SuiteRunner.java:348)
	at org.testng.SuiteRunner.runSequentially(SuiteRunner.java:343)
	at org.testng.SuiteRunner.privateRun(SuiteRunner.java:305)
	at org.testng.SuiteRunner.run(SuiteRunner.java:254)
	at org.testng.SuiteRunnerWorker.runSuite(SuiteRunnerWorker.java:52)
	at org.testng.SuiteRunnerWorker.run(SuiteRunnerWorker.java:86)
	at org.testng.TestNG.runSuitesSequentially(TestNG.java:1224)
	at org.testng.TestNG.runSuitesLocally(TestNG.java:1149)
	at org.testng.TestNG.run(TestNG.java:1057)
	at org.testng.remote.AbstractRemoteTestNG.run(AbstractRemoteTestNG.java:115)
	at org.testng.remote.RemoteTestNG.initAndRun(RemoteTestNG.java:251)
	at org.testng.remote.RemoteTestNG.main(RemoteTestNG.java:77)
]]>
    </failure>
  </testcase> <!-- @BeforeMethod loadFlipkartPage -->
  <testcase name="@BeforeMethod loadFlipkartPage" time="0.0" classname="RegressionTest.MobilePriceCheck">
    <skipped/>
  </testcase> <!-- @BeforeMethod loadFlipkartPage -->
  <testcase name="@AfterTest closeBrowser" time="0.0" classname="RegressionTest.MobilePriceCheck">
    <skipped/>
  </testcase> <!-- @AfterTest closeBrowser -->
  <testcase name="getMobilePriceDetails" time="0.02" classname="RegressionTest.MobilePriceCheck">
    <skipped/>
  </testcase> <!-- getMobilePriceDetails -->
  <testcase name="getMobilePriceDetails" time="0.002" classname="RegressionTest.MobilePriceCheck">
    <skipped/>
  </testcase> <!-- getMobilePriceDetails -->
</testsuite> <!-- Default test -->
